2018-12-13 18:26:38.821 [main] DEBUG c.i.imooc.o2o.dao.split.DynamicDataSourceInterceptor -
				设置方法[slave]user[SELECT]Stratery,SqlCommonType[{}]com.itdan.imooc.o2o.dao.AreaDAO.getAllArea
2018-12-13 18:26:38.938 [main] DEBUG com.itdan.imooc.o2o.dao.split.DynamicDataSourceHolder -
				所使用的数据源为：slave
2018-12-13 18:37:27.392 [main] DEBUG c.i.imooc.o2o.dao.split.DynamicDataSourceInterceptor -
				设置方法[slave]user[SELECT]Stratery,SqlCommonType[{}]com.itdan.imooc.o2o.dao.AreaDAO.getAllArea
2018-12-13 18:37:27.397 [main] DEBUG com.itdan.imooc.o2o.dao.split.DynamicDataSourceHolder -
				所使用的数据源为：slave
2018-12-13 18:48:25.265 [main] DEBUG c.i.imooc.o2o.dao.split.DynamicDataSourceInterceptor -
				设置方法[slave]user[SELECT]Stratery,SqlCommonType[{}]com.itdan.imooc.o2o.dao.AreaDAO.getAllArea
2018-12-13 18:48:25.351 [main] DEBUG com.itdan.imooc.o2o.dao.split.DynamicDataSourceHolder -
				所使用的数据源为：slave
2018-12-13 18:54:56.704 [main] DEBUG c.i.imooc.o2o.dao.split.DynamicDataSourceInterceptor -
				设置方法[master]user[INSERT]Stratery,SqlCommonType[{}]com.itdan.imooc.o2o.dao.ShopDAO.addShop
2018-12-13 18:54:56.711 [main] DEBUG com.itdan.imooc.o2o.dao.split.DynamicDataSourceHolder -
				所使用的数据源为：master
2018-12-13 18:55:33.175 [main] DEBUG c.i.imooc.o2o.dao.split.DynamicDataSourceInterceptor -
				设置方法[master]user[UPDATE]Stratery,SqlCommonType[{}]com.itdan.imooc.o2o.dao.ShopDAO.updateShop
2018-12-13 18:55:33.184 [main] DEBUG com.itdan.imooc.o2o.dao.split.DynamicDataSourceHolder -
				所使用的数据源为：master
2018-12-13 18:56:00.714 [main] DEBUG c.i.imooc.o2o.dao.split.DynamicDataSourceInterceptor -
				设置方法[slave]user[SELECT]Stratery,SqlCommonType[{}]com.itdan.imooc.o2o.dao.ShopCategoryDAO.queryShopCategory
2018-12-13 18:56:00.722 [main] DEBUG com.itdan.imooc.o2o.dao.split.DynamicDataSourceHolder -
				所使用的数据源为：slave
2018-12-13 19:05:22.582 [main] DEBUG c.i.imooc.o2o.dao.split.DynamicDataSourceInterceptor -
				设置方法[slave]user[SELECT]Stratery,SqlCommonType[{}]com.itdan.imooc.o2o.dao.ShopCategoryDAO.queryShopCategory
2018-12-13 19:05:22.625 [main] DEBUG com.itdan.imooc.o2o.dao.split.DynamicDataSourceHolder -
				所使用的数据源为：slave
2018-12-13 19:07:26.718 [main] DEBUG c.i.imooc.o2o.dao.split.DynamicDataSourceInterceptor -
				设置方法[slave]user[SELECT]Stratery,SqlCommonType[{}]com.itdan.imooc.o2o.dao.ShopCategoryDAO.queryShopCategory
2018-12-13 19:07:26.795 [main] DEBUG com.itdan.imooc.o2o.dao.split.DynamicDataSourceHolder -
				所使用的数据源为：slave
